# JRE version: OpenJDK Runtime Environment Temurin-17.0.11+9 (17.0.11+9) (build 17.0.11+9)
# Java VM: OpenJDK 64-Bit Server VM Temurin-17.0.11+9 (17.0.11+9, mixed mode, tiered, compressed oops, compressed class ptrs, parallel gc, linux-amd64)
GC Precious Log:
 CPUs: 12 total, 12 available
 Memory: 7587M
 Large Page Support: Disabled
 NUMA Support: Disabled
 Compressed Oops: Enabled (32-bit)
 Alignments: Space 512K, Generation 512K, Heap 2M
 Heap Min Capacity: 100M
 Heap Initial Capacity: 100M
 Heap Max Capacity: 1G
 Pre-touch: Disabled
 Parallel Workers: 10
Heap:
 PSYoungGen      total 11776K, used 1520K [0x00000000eab00000, 0x00000000ec300000, 0x0000000100000000)
  eden space 10240K, 0% used [0x00000000eab00000,0x00000000eab00000,0x00000000eb500000)
  from space 1536K, 98% used [0x00000000ebc00000,0x00000000ebd7c128,0x00000000ebd80000)
  to   space 7168K, 0% used [0x00000000eb500000,0x00000000eb500000,0x00000000ebc00000)
 ParOldGen       total 112128K, used 107655K [0x00000000c0000000, 0x00000000c6d80000, 0x00000000eab00000)
  object space 112128K, 96% used [0x00000000c0000000,0x00000000c6921cc0,0x00000000c6d80000)
 Metaspace       used 72892K, committed 74176K, reserved 1179648K
  class space    used 7690K, committed 8256K, reserved 1048576K
GC Heap History (20 events):
Event: 5.730 GC heap after
{Heap after GC invocations=82 (full 5):
 PSYoungGen      total 12800K, used 2023K [0x00000000eab00000, 0x00000000eba80000, 0x0000000100000000)
  eden space 10752K, 0% used [0x00000000eab00000,0x00000000eab00000,0x00000000eb580000)
  from space 2048K, 98% used [0x00000000eb600000,0x00000000eb7f9dd0,0x00000000eb800000)
  to   space 2560K, 0% used [0x00000000eb800000,0x00000000eb800000,0x00000000eba80000)
 ParOldGen       total 112128K, used 94030K [0x00000000c0000000, 0x00000000c6d80000, 0x00000000eab00000)
  object space 112128K, 83% used [0x00000000c0000000,0x00000000c5bd3aa0,0x00000000c6d80000)
 Metaspace       used 69735K, committed 71040K, reserved 1114112K
  class space    used 7387K, committed 8000K, reserved 1048576K
}
Event: 8917.938 GC heap before
{Heap before GC invocations=83 (full 5):
 PSYoungGen      total 12800K, used 12775K [0x00000000eab00000, 0x00000000eba80000, 0x0000000100000000)
  eden space 10752K, 100% used [0x00000000eab00000,0x00000000eb580000,0x00000000eb580000)
  from space 2048K, 98% used [0x00000000eb600000,0x00000000eb7f9dd0,0x00000000eb800000)
  to   space 2560K, 0% used [0x00000000eb800000,0x00000000eb800000,0x00000000eba80000)
 ParOldGen       total 112128K, used 94030K [0x00000000c0000000, 0x00000000c6d80000, 0x00000000eab00000)
  object space 112128K, 83% used [0x00000000c0000000,0x00000000c5bd3aa0,0x00000000c6d80000)
 Metaspace       used 70488K, committed 71744K, reserved 1114112K
  class space    used 7440K, committed 8000K, reserved 1048576K
}
Event: 8917.941 GC heap after
{Heap after GC invocations=83 (full 5):
 PSYoungGen      total 12800K, used 1733K [0x00000000eab00000, 0x00000000eba00000, 0x0000000100000000)
  eden space 10752K, 0% used [0x00000000eab00000,0x00000000eab00000,0x00000000eb580000)
  from space 2048K, 84% used [0x00000000eb800000,0x00000000eb9b1770,0x00000000eba00000)
  to   space 2048K, 0% used [0x00000000eb600000,0x00000000eb600000,0x00000000eb800000)
 ParOldGen       total 112128K, used 95055K [0x00000000c0000000, 0x00000000c6d80000, 0x00000000eab00000)
  object space 112128K, 84% used [0x00000000c0000000,0x00000000c5cd3d60,0x00000000c6d80000)
 Metaspace       used 70488K, committed 71744K, reserved 1114112K
  class space    used 7440K, committed 8000K, reserved 1048576K
}
Event: 8925.720 GC heap before
{Heap before GC invocations=84 (full 5):
 PSYoungGen      total 12800K, used 12485K [0x00000000eab00000, 0x00000000eba00000, 0x0000000100000000)
  eden space 10752K, 99% used [0x00000000eab00000,0x00000000eb57ffe0,0x00000000eb580000)
  from space 2048K, 84% used [0x00000000eb800000,0x00000000eb9b1770,0x00000000eba00000)
  to   space 2048K, 0% used [0x00000000eb600000,0x00000000eb600000,0x00000000eb800000)
 ParOldGen       total 112128K, used 95055K [0x00000000c0000000, 0x00000000c6d80000, 0x00000000eab00000)
  object space 112128K, 84% used [0x00000000c0000000,0x00000000c5cd3d60,0x00000000c6d80000)
 Metaspace       used 70888K, committed 72192K, reserved 1114112K
  class space    used 7458K, committed 8064K, reserved 1048576K
}
Event: 8925.722 GC heap after
{Heap after GC invocations=84 (full 5):
 PSYoungGen      total 12800K, used 2046K [0x00000000eab00000, 0x00000000eba80000, 0x0000000100000000)
  eden space 10752K, 0% used [0x00000000eab00000,0x00000000eab00000,0x00000000eb580000)
  from space 2048K, 99% used [0x00000000eb600000,0x00000000eb7ffbc0,0x00000000eb800000)
  to   space 2560K, 0% used [0x00000000eb800000,0x00000000eb800000,0x00000000eba80000)
 ParOldGen       total 112128K, used 95320K [0x00000000c0000000, 0x00000000c6d80000, 0x00000000eab00000)
  object space 112128K, 85% used [0x00000000c0000000,0x00000000c5d16008,0x00000000c6d80000)
 Metaspace       used 70888K, committed 72192K, reserved 1114112K
  class space    used 7458K, committed 8064K, reserved 1048576K
}
Event: 8927.166 GC heap before
{Heap before GC invocations=85 (full 5):
 PSYoungGen      total 12800K, used 12691K [0x00000000eab00000, 0x00000000eba80000, 0x0000000100000000)
  eden space 10752K, 98% used [0x00000000eab00000,0x00000000eb565098,0x00000000eb580000)
  from space 2048K, 99% used [0x00000000eb600000,0x00000000eb7ffbc0,0x00000000eb800000)
  to   space 2560K, 0% used [0x00000000eb800000,0x00000000eb800000,0x00000000eba80000)
 ParOldGen       total 112128K, used 95320K [0x00000000c0000000, 0x00000000c6d80000, 0x00000000eab00000)
  object space 112128K, 85% used [0x00000000c0000000,0x00000000c5d16008,0x00000000c6d80000)
 Metaspace       used 71535K, committed 72832K, reserved 1114112K
  class space    used 7560K, committed 8128K, reserved 1048576K
}
Event: 8927.168 GC heap after
{Heap after GC invocations=85 (full 5):
 PSYoungGen      total 12800K, used 2553K [0x00000000eab00000, 0x00000000ebb80000, 0x0000000100000000)
  eden space 10240K, 0% used [0x00000000eab00000,0x00000000eab00000,0x00000000eb500000)
  from space 2560K, 99% used [0x00000000eb800000,0x00000000eba7e650,0x00000000eba80000)
  to   space 3072K, 0% used [0x00000000eb500000,0x00000000eb500000,0x00000000eb800000)
 ParOldGen       total 112128K, used 95432K [0x00000000c0000000, 0x00000000c6d80000, 0x00000000eab00000)
  object space 112128K, 85% used [0x00000000c0000000,0x00000000c5d32008,0x00000000c6d80000)
 Metaspace       used 71535K, committed 72832K, reserved 1114112K
  class space    used 7560K, committed 8128K, reserved 1048576K
}
Event: 8927.193 GC heap before
{Heap before GC invocations=86 (full 5):
 PSYoungGen      total 12800K, used 12793K [0x00000000eab00000, 0x00000000ebb80000, 0x0000000100000000)
  eden space 10240K, 100% used [0x00000000eab00000,0x00000000eb500000,0x00000000eb500000)
  from space 2560K, 99% used [0x00000000eb800000,0x00000000eba7e650,0x00000000eba80000)
  to   space 3072K, 0% used [0x00000000eb500000,0x00000000eb500000,0x00000000eb800000)
 ParOldGen       total 112128K, used 95432K [0x00000000c0000000, 0x00000000c6d80000, 0x00000000eab00000)
  object space 112128K, 85% used [0x00000000c0000000,0x00000000c5d32008,0x00000000c6d80000)
 Metaspace       used 71586K, committed 72896K, reserved 1114112K
  class space    used 7561K, committed 8128K, reserved 1048576K
}
Event: 8927.203 GC heap after
{Heap after GC invocations=86 (full 5):
 PSYoungGen      total 13312K, used 3048K [0x00000000eab00000, 0x00000000ecc00000, 0x0000000100000000)
  eden space 10240K, 0% used [0x00000000eab00000,0x00000000eab00000,0x00000000eb500000)
  from space 3072K, 99% used [0x00000000eb500000,0x00000000eb7fa1e8,0x00000000eb800000)
  to   space 11776K, 0% used [0x00000000ec080000,0x00000000ec080000,0x00000000ecc00000)
 ParOldGen       total 112128K, used 102525K [0x00000000c0000000, 0x00000000c6d80000, 0x00000000eab00000)
  object space 112128K, 91% used [0x00000000c0000000,0x00000000c641f5e0,0x00000000c6d80000)
 Metaspace       used 71586K, committed 72896K, reserved 1114112K
  class space    used 7561K, committed 8128K, reserved 1048576K
}
Event: 8927.272 GC heap before
{Heap before GC invocations=87 (full 5):
 PSYoungGen      total 13312K, used 13288K [0x00000000eab00000, 0x00000000ecc00000, 0x0000000100000000)
  eden space 10240K, 100% used [0x00000000eab00000,0x00000000eb500000,0x00000000eb500000)
  from space 3072K, 99% used [0x00000000eb500000,0x00000000eb7fa1e8,0x00000000eb800000)
  to   space 11776K, 0% used [0x00000000ec080000,0x00000000ec080000,0x00000000ecc00000)
 ParOldGen       total 112128K, used 102525K [0x00000000c0000000, 0x00000000c6d80000, 0x00000000eab00000)
  object space 112128K, 91% used [0x00000000c0000000,0x00000000c641f5e0,0x00000000c6d80000)
 Metaspace       used 72312K, committed 73600K, reserved 1179648K
  class space    used 7666K, committed 8256K, reserved 1048576K
}
Event: 8927.277 GC heap after
{Heap after GC invocations=87 (full 5):
 PSYoungGen      total 13824K, used 3321K [0x00000000eab00000, 0x00000000ec400000, 0x0000000100000000)
  eden space 10240K, 0% used [0x00000000eab00000,0x00000000eab00000,0x00000000eb500000)
  from space 3584K, 92% used [0x00000000ec080000,0x00000000ec3be588,0x00000000ec400000)
  to   space 6144K, 0% used [0x00000000eb800000,0x00000000eb800000,0x00000000ebe00000)
 ParOldGen       total 112128K, used 102709K [0x00000000c0000000, 0x00000000c6d80000, 0x00000000eab00000)
  object space 112128K, 91% used [0x00000000c0000000,0x00000000c644d5e0,0x00000000c6d80000)
 Metaspace       used 72312K, committed 73600K, reserved 1179648K
  class space    used 7666K, committed 8256K, reserved 1048576K
}
Event: 8928.327 GC heap before
{Heap before GC invocations=88 (full 5):
 PSYoungGen      total 13824K, used 13561K [0x00000000eab00000, 0x00000000ec400000, 0x0000000100000000)
  eden space 10240K, 100% used [0x00000000eab00000,0x00000000eb500000,0x00000000eb500000)
  from space 3584K, 92% used [0x00000000ec080000,0x00000000ec3be588,0x00000000ec400000)
  to   space 6144K, 0% used [0x00000000eb800000,0x00000000eb800000,0x00000000ebe00000)
 ParOldGen       total 112128K, used 102709K [0x00000000c0000000, 0x00000000c6d80000, 0x00000000eab00000)
  object space 112128K, 91% used [0x00000000c0000000,0x00000000c644d5e0,0x00000000c6d80000)
 Metaspace       used 72668K, committed 73984K, reserved 1179648K
  class space    used 7690K, committed 8256K, reserved 1048576K
}
Event: 8928.329 GC heap after
{Heap after GC invocations=88 (full 5):
 PSYoungGen      total 13824K, used 3245K [0x00000000eab00000, 0x00000000ec100000, 0x0000000100000000)
  eden space 10240K, 0% used [0x00000000eab00000,0x00000000eab00000,0x00000000eb500000)
  from space 3584K, 90% used [0x00000000eb800000,0x00000000ebb2b788,0x00000000ebb80000)
  to   space 4096K, 0% used [0x00000000ebd00000,0x00000000ebd00000,0x00000000ec100000)
 ParOldGen       total 112128K, used 102717K [0x00000000c0000000, 0x00000000c6d80000, 0x00000000eab00000)
  object space 112128K, 91% used [0x00000000c0000000,0x00000000c644f5e0,0x00000000c6d80000)
 Metaspace       used 72668K, committed 73984K, reserved 1179648K
  class space    used 7690K, committed 8256K, reserved 1048576K
}
Event: 8929.204 GC heap before
{Heap before GC invocations=89 (full 5):
 PSYoungGen      total 13824K, used 13485K [0x00000000eab00000, 0x00000000ec100000, 0x0000000100000000)
  eden space 10240K, 100% used [0x00000000eab00000,0x00000000eb500000,0x00000000eb500000)
  from space 3584K, 90% used [0x00000000eb800000,0x00000000ebb2b788,0x00000000ebb80000)
  to   space 4096K, 0% used [0x00000000ebd00000,0x00000000ebd00000,0x00000000ec100000)
 ParOldGen       total 112128K, used 102717K [0x00000000c0000000, 0x00000000c6d80000, 0x00000000eab00000)
  object space 112128K, 91% used [0x00000000c0000000,0x00000000c644f5e0,0x00000000c6d80000)
 Metaspace       used 72771K, committed 74048K, reserved 1179648K
  class space    used 7690K, committed 8256K, reserved 1048576K
}
Event: 8929.208 GC heap after
{Heap after GC invocations=89 (full 5):
 PSYoungGen      total 14336K, used 4055K [0x00000000eab00000, 0x00000000ec100000, 0x0000000100000000)
  eden space 10240K, 0% used [0x00000000eab00000,0x00000000eab00000,0x00000000eb500000)
  from space 4096K, 99% used [0x00000000ebd00000,0x00000000ec0f5e48,0x00000000ec100000)
  to   space 4608K, 0% used [0x00000000eb800000,0x00000000eb800000,0x00000000ebc80000)
 ParOldGen       total 112128K, used 102725K [0x00000000c0000000, 0x00000000c6d80000, 0x00000000eab00000)
  object space 112128K, 91% used [0x00000000c0000000,0x00000000c64515e0,0x00000000c6d80000)
 Metaspace       used 72771K, committed 74048K, reserved 1179648K
  class space    used 7690K, committed 8256K, reserved 1048576K
}
Event: 8929.225 GC heap before
{Heap before GC invocations=90 (full 5):
 PSYoungGen      total 14336K, used 14295K [0x00000000eab00000, 0x00000000ec100000, 0x0000000100000000)
  eden space 10240K, 100% used [0x00000000eab00000,0x00000000eb500000,0x00000000eb500000)
  from space 4096K, 99% used [0x00000000ebd00000,0x00000000ec0f5e48,0x00000000ec100000)
  to   space 4608K, 0% used [0x00000000eb800000,0x00000000eb800000,0x00000000ebc80000)
 ParOldGen       total 112128K, used 102725K [0x00000000c0000000, 0x00000000c6d80000, 0x00000000eab00000)
  object space 112128K, 91% used [0x00000000c0000000,0x00000000c64515e0,0x00000000c6d80000)
 Metaspace       used 72805K, committed 74048K, reserved 1179648K
  class space    used 7690K, committed 8256K, reserved 1048576K
}
Event: 8929.227 GC heap after
{Heap after GC invocations=90 (full 5):
 PSYoungGen      total 14336K, used 4051K [0x00000000eab00000, 0x00000000ebd80000, 0x0000000100000000)
  eden space 10240K, 0% used [0x00000000eab00000,0x00000000eab00000,0x00000000eb500000)
  from space 4096K, 98% used [0x00000000eb800000,0x00000000ebbf4e68,0x00000000ebc00000)
  to   space 1536K, 0% used [0x00000000ebc00000,0x00000000ebc00000,0x00000000ebd80000)
 ParOldGen       total 112128K, used 102725K [0x00000000c0000000, 0x00000000c6d80000, 0x00000000eab00000)
  object space 112128K, 91% used [0x00000000c0000000,0x00000000c64515e0,0x00000000c6d80000)
 Metaspace       used 72805K, committed 74048K, reserved 1179648K
  class space    used 7690K, committed 8256K, reserved 1048576K
}
Event: 8929.278 GC heap before
{Heap before GC invocations=91 (full 5):
 PSYoungGen      total 14336K, used 14291K [0x00000000eab00000, 0x00000000ebd80000, 0x0000000100000000)
  eden space 10240K, 100% used [0x00000000eab00000,0x00000000eb500000,0x00000000eb500000)
  from space 4096K, 98% used [0x00000000eb800000,0x00000000ebbf4e68,0x00000000ebc00000)
  to   space 1536K, 0% used [0x00000000ebc00000,0x00000000ebc00000,0x00000000ebd80000)
 ParOldGen       total 112128K, used 102725K [0x00000000c0000000, 0x00000000c6d80000, 0x00000000eab00000)
  object space 112128K, 91% used [0x00000000c0000000,0x00000000c64515e0,0x00000000c6d80000)
 Metaspace       used 72892K, committed 74176K, reserved 1179648K
  class space    used 7690K, committed 8256K, reserved 1048576K
}
Event: 8929.283 GC heap after
{Heap after GC invocations=91 (full 5):
 PSYoungGen      total 11776K, used 1520K [0x00000000eab00000, 0x00000000ec300000, 0x0000000100000000)
  eden space 10240K, 0% used [0x00000000eab00000,0x00000000eab00000,0x00000000eb500000)
  from space 1536K, 98% used [0x00000000ebc00000,0x00000000ebd7c128,0x00000000ebd80000)
  to   space 7168K, 0% used [0x00000000eb500000,0x00000000eb500000,0x00000000ebc00000)
 ParOldGen       total 112128K, used 107655K [0x00000000c0000000, 0x00000000c6d80000, 0x00000000eab00000)
  object space 112128K, 96% used [0x00000000c0000000,0x00000000c6921cc0,0x00000000c6d80000)
 Metaspace       used 72892K, committed 74176K, reserved 1179648K
  class space    used 7690K, committed 8256K, reserved 1048576K
}
Event: 8929.283 GC heap before
{Heap before GC invocations=92 (full 6):
 PSYoungGen      total 11776K, used 1520K [0x00000000eab00000, 0x00000000ec300000, 0x0000000100000000)
  eden space 10240K, 0% used [0x00000000eab00000,0x00000000eab00000,0x00000000eb500000)
  from space 1536K, 98% used [0x00000000ebc00000,0x00000000ebd7c128,0x00000000ebd80000)
  to   space 7168K, 0% used [0x00000000eb500000,0x00000000eb500000,0x00000000ebc00000)
 ParOldGen       total 112128K, used 107655K [0x00000000c0000000, 0x00000000c6d80000, 0x00000000eab00000)
  object space 112128K, 96% used [0x00000000c0000000,0x00000000c6921cc0,0x00000000c6d80000)
 Metaspace       used 72892K, committed 74176K, reserved 1179648K
  class space    used 7690K, committed 8256K, reserved 1048576K
}

